2022-01-15 10:37:37,432  INFO [main] carsrunner:14 - URL Opened
2022-01-15 10:37:39,136  INFO [main] carsrunner:14 - Page opend with title Book Outstation Cabs, Local & Airport Taxi Service - India's Leading Car Rentals
2022-01-15 10:37:40,506  INFO [main] carsrunner:14 - signin is clicked in page home page
2022-01-15 10:37:46,327  INFO [main] carsrunner:14 - Email field is send in page Account Log in
2022-01-15 10:37:46,866  INFO [main] carsrunner:14 - password field is send in page Account Log in
2022-01-15 10:37:47,785  INFO [main] carsrunner:14 - sign in button is clicked in page Account Log in
2022-01-15 10:37:48,629  INFO [main] carsrunner:14 - Successfully logged in
2022-01-15 10:37:49,583  INFO [main] carsrunner:14 - from place is clicked in page from
2022-01-15 10:37:50,200  INFO [main] carsrunner:14 - place is send in page from
2022-01-15 10:37:50,957  INFO [main] carsrunner:14 - place is clicked in page to
2022-01-15 10:37:51,606  INFO [main] carsrunner:14 - place is send in page to
2022-01-15 10:37:52,388  INFO [main] carsrunner:14 - place is clicked in page to
2022-01-15 10:37:53,669  INFO [main] carsrunner:14 - selected is clicked in page select
2022-01-15 10:37:55,907  INFO [main] carsrunner:14 - Successfully verified
2022-01-15 10:37:58,662  INFO [main] carsrunner:14 - home page is clicked in page home page
2022-01-15 10:38:03,598  INFO [main] carsrunner:14 - round is clicked in page round
2022-01-15 10:38:04,651  INFO [main] carsrunner:14 - selected is clicked in page select
2022-01-15 10:38:07,532  INFO [main] carsrunner:14 - select car is clicked in page select
2022-01-15 10:38:08,744  INFO [main] carsrunner:14 - booking detail shown 
2022-01-15 10:38:09,473  INFO [main] carsrunner:14 - home page is clicked in page home page
2022-01-15 10:38:10,500  INFO [main] carsrunner:14 - local is clicked in page local
2022-01-15 10:38:11,551  INFO [main] carsrunner:14 - selected is clicked in page select
2022-01-15 10:38:14,189  INFO [main] carsrunner:14 - time is clicked in page time
2022-01-15 10:38:15,062  INFO [main] carsrunner:14 - select car is clicked in page select
2022-01-15 10:38:15,854  INFO [main] carsrunner:14 - booking detail shown 
2022-01-15 10:38:16,533  INFO [main] carsrunner:14 - home page is clicked in page home page
2022-01-15 10:38:17,631  INFO [main] carsrunner:14 - airport is clicked in page airport
2022-01-15 10:38:18,733  INFO [main] carsrunner:14 - dropaddress is clicked in page address
2022-01-15 10:38:19,634  INFO [main] carsrunner:14 - dropaddress is send in page address
2022-01-15 10:38:20,357 ERROR [main] carsrunner:21 - dropaddress is not able clicked in page address
2022-01-15 10:38:21,475  INFO [main] carsrunner:14 - playstore is clicked in page playstore
2022-01-15 10:38:26,870  INFO [main] carsrunner:14 - playsrore detail shown 
2022-01-15 10:38:27,808  INFO [main] carsrunner:14 - home page is clicked in page home page
2022-01-15 10:38:28,911  INFO [main] carsrunner:14 - car rental is clicked in page rental
2022-01-15 10:38:32,483  INFO [main] carsrunner:14 - name is clicked in page name
2022-01-15 10:38:33,532  INFO [main] carsrunner:14 - name is send in page name
2022-01-15 10:38:34,564  INFO [main] carsrunner:14 - company name is clicked in page compname
2022-01-15 10:38:35,936  INFO [main] carsrunner:14 - company name is send in page compname
2022-01-15 10:38:36,997  INFO [main] carsrunner:14 - email is clicked in page email
2022-01-15 10:38:37,865  INFO [main] carsrunner:14 - email is send in page email
2022-01-15 10:38:39,056  INFO [main] carsrunner:14 - phone no is clicked in page phoneno
2022-01-15 10:38:40,104  INFO [main] carsrunner:14 - phone no is send in page phoneno
2022-01-15 10:38:41,517  INFO [main] carsrunner:14 - submit is clicked in page submit
2022-01-15 10:38:45,559  INFO [main] carsrunner:14 - result detail shown 
2022-01-15 10:38:46,622  INFO [main] carsrunner:14 - home page is clicked in page home page
2022-01-15 10:38:47,659  INFO [main] carsrunner:14 - One way cab is clicked in page onewaycab
2022-01-15 10:38:52,596  INFO [main] carsrunner:14 - chennaitab is clicked in page chennai
2022-01-15 10:38:55,293  INFO [main] carsrunner:14 - trl is clicked in page trl
2022-01-15 10:38:59,960  INFO [main] carsrunner:14 - home page is clicked in page home page
2022-01-15 10:39:04,464  INFO [main] carsrunner:14 - img is clicked in page img
2022-01-15 10:39:07,216  INFO [main] carsrunner:14 - bookings is clicked in page bookings
2022-01-15 10:39:09,852  INFO [main] carsrunner:14 - cancelled is clicked in page cancelled
2022-01-15 10:39:12,531  INFO [main] carsrunner:14 - completed is clicked in page completed
2022-01-15 10:39:15,269  INFO [main] carsrunner:14 - booknow is clicked in page booknow
2022-01-15 10:39:18,520  INFO [main] carsrunner:14 - img is clicked in page img
2022-01-15 10:39:21,650  INFO [main] carsrunner:14 - accountsetting is clicked in page accountsetting
2022-01-15 10:39:24,855  INFO [main] carsrunner:14 - home is clicked in page home
2022-01-15 10:39:27,748  INFO [main] carsrunner:14 - img is clicked in page img
2022-01-15 10:39:30,841  INFO [main] carsrunner:14 - logout is clicked in page logout
2022-01-15 10:39:31,477  INFO [main] carsrunner:14 - Signed out sucessfully 
