2022-01-14 12:59:40,063  INFO [main] carsrunner:14 - URL Opened
2022-01-14 12:59:41,291  INFO [main] carsrunner:14 - Page opend with title Book Outstation Cabs, Local & Airport Taxi Service - India's Leading Car Rentals
2022-01-14 12:59:42,285  INFO [main] carsrunner:14 - signin is clicked in page home page
2022-01-14 12:59:47,958  INFO [main] carsrunner:14 - Email field is send in page Account Log in
2022-01-14 12:59:48,459  INFO [main] carsrunner:14 - password field is send in page Account Log in
2022-01-14 12:59:49,088  INFO [main] carsrunner:14 - sign in button is clicked in page Account Log in
2022-01-14 12:59:49,689  INFO [main] carsrunner:14 - Successfully logged in
2022-01-14 12:59:50,635  INFO [main] carsrunner:14 - from place is clicked in page from
2022-01-14 12:59:51,231  INFO [main] carsrunner:14 - place is send in page from
2022-01-14 12:59:51,963  INFO [main] carsrunner:14 - place is clicked in page to
2022-01-14 12:59:52,663  INFO [main] carsrunner:14 - place is send in page to
2022-01-14 12:59:53,417  INFO [main] carsrunner:14 - place is clicked in page to
2022-01-14 12:59:54,373  INFO [main] carsrunner:14 - selected is clicked in page select
2022-01-14 12:59:54,629  INFO [main] carsrunner:14 - Successfully verified
2022-01-14 12:59:55,564  INFO [main] carsrunner:14 - home page is clicked in page home page
2022-01-14 13:00:00,349  INFO [main] carsrunner:14 - round is clicked in page round
2022-01-14 13:00:01,178  INFO [main] carsrunner:14 - selected is clicked in page select
2022-01-14 13:00:03,948  INFO [main] carsrunner:14 - select car is clicked in page select
2022-01-14 13:00:06,346  INFO [main] carsrunner:14 - booking detail shown 
2022-01-14 13:00:06,973  INFO [main] carsrunner:14 - home page is clicked in page home page
2022-01-14 13:00:07,920  INFO [main] carsrunner:14 - local is clicked in page local
2022-01-14 13:00:08,765  INFO [main] carsrunner:14 - selected is clicked in page select
2022-01-14 13:00:11,326  INFO [main] carsrunner:14 - time is clicked in page time
2022-01-14 13:00:12,025  INFO [main] carsrunner:14 - select car is clicked in page select
2022-01-14 13:00:12,804  INFO [main] carsrunner:14 - booking detail shown 
2022-01-14 13:00:13,325  INFO [main] carsrunner:14 - home page is clicked in page home page
2022-01-14 13:00:14,716  INFO [main] carsrunner:14 - airport is clicked in page airport
2022-01-14 13:00:16,002  INFO [main] carsrunner:14 - dropaddress is clicked in page address
2022-01-14 13:00:16,636  INFO [main] carsrunner:14 - dropaddress is send in page address
2022-01-14 13:00:17,389 ERROR [main] carsrunner:21 - dropaddress is not able clicked in page address
2022-01-14 13:00:18,477  INFO [main] carsrunner:14 - playstore is clicked in page playstore
2022-01-14 13:00:24,633  INFO [main] carsrunner:14 - playsrore detail shown 
2022-01-14 13:00:25,403  INFO [main] carsrunner:14 - home page is clicked in page home page
2022-01-14 13:00:26,245  INFO [main] carsrunner:14 - car rental is clicked in page rental
2022-01-14 13:00:31,283  INFO [main] carsrunner:14 - name is clicked in page name
2022-01-14 13:00:32,006  INFO [main] carsrunner:14 - name is send in page name
2022-01-14 13:00:32,952  INFO [main] carsrunner:14 - company name is clicked in page compname
2022-01-14 13:00:33,686  INFO [main] carsrunner:14 - company name is send in page compname
2022-01-14 13:00:34,735  INFO [main] carsrunner:14 - email is clicked in page email
2022-01-14 13:00:35,490  INFO [main] carsrunner:14 - email is send in page email
2022-01-14 13:00:36,423  INFO [main] carsrunner:14 - phone no is clicked in page phoneno
2022-01-14 13:00:37,205  INFO [main] carsrunner:14 - phone no is send in page phoneno
2022-01-14 13:00:38,330  INFO [main] carsrunner:14 - submit is clicked in page submit
2022-01-14 13:00:41,817  INFO [main] carsrunner:14 - playsrore detail shown 
2022-01-14 13:00:42,789  INFO [main] carsrunner:14 - home page is clicked in page home page
2022-01-14 13:00:43,367  INFO [main] carsrunner:14 - One way cab is clicked in page onewaycab
2022-01-14 13:00:48,610  INFO [main] carsrunner:14 - chennaitab is clicked in page chennai
