2022-01-17 00:12:58,589  INFO [main] carsrunner:14 - URL Opened
2022-01-17 00:13:22,164  INFO [main] carsrunner:14 - Page opend with title Book Outstation Cabs, Local & Airport Taxi Service - India's Leading Car Rentals
2022-01-17 00:13:23,489  INFO [main] carsrunner:14 - signin is clicked in page home page
2022-01-17 00:13:30,007  INFO [main] carsrunner:14 - Email field is send in page Account Log in
2022-01-17 00:13:30,684  INFO [main] carsrunner:14 - password field is send in page Account Log in
2022-01-17 00:13:31,657  INFO [main] carsrunner:14 - sign in button is clicked in page Account Log in
2022-01-17 00:13:32,559  INFO [main] carsrunner:14 - Successfully logged in
2022-01-17 00:13:33,924  INFO [main] carsrunner:14 - from place is clicked in page outstation
2022-01-17 00:13:34,593  INFO [main] carsrunner:14 - from place is send in page outstation
2022-01-17 00:13:35,496  INFO [main] carsrunner:14 - to place is clicked in page outstation
2022-01-17 00:13:36,287  INFO [main] carsrunner:14 - to place is send in page outstation
2022-01-17 00:13:37,103  INFO [main] carsrunner:14 - to place is clicked in page outstation
2022-01-17 00:13:42,829  INFO [main] carsrunner:14 - select car is clicked in page outstation
2022-01-17 00:13:45,292  INFO [main] carsrunner:14 - Successfully verified
2022-01-17 00:13:48,116  INFO [main] carsrunner:14 - home button is clicked in page home page
2022-01-17 00:13:53,280  INFO [main] carsrunner:14 - round is clicked in page home page
2022-01-17 00:13:54,338  INFO [main] carsrunner:14 - selectcar is clicked in page round
2022-01-17 00:13:58,001  INFO [main] carsrunner:14 - select car is clicked in page car page
2022-01-17 00:14:00,998  INFO [main] carsrunner:14 - booking detail shown 
2022-01-17 00:14:01,633  INFO [main] carsrunner:14 - home button is clicked in page home page
2022-01-17 00:14:02,771  INFO [main] carsrunner:14 - local is clicked in page homepage
2022-01-17 00:14:03,771  INFO [main] carsrunner:14 - select car is clicked in page local
2022-01-17 00:14:06,459  INFO [main] carsrunner:14 - time is clicked in page carpage
2022-01-17 00:14:07,304  INFO [main] carsrunner:14 - select car is clicked in page car page
2022-01-17 00:14:07,867  INFO [main] carsrunner:14 - booking detail shown 
2022-01-17 00:14:08,513  INFO [main] carsrunner:14 - home button is clicked in page home page
2022-01-17 00:14:09,718  INFO [main] carsrunner:14 - Airport is clicked in page HomePage
2022-01-17 00:14:11,198  INFO [main] carsrunner:14 - PickupAddress is clicked in page Airport
2022-01-17 00:14:11,885  INFO [main] carsrunner:14 - PickupAddress is send in page Airport
2022-01-17 00:14:12,714 ERROR [main] carsrunner:21 - PickupAddress is not able clicked in page Airport
2022-01-17 00:14:14,130  INFO [main] carsrunner:14 - playstore button is clicked in page home page
2022-01-17 00:14:24,344  INFO [main] carsrunner:14 - playsrore detail shown 
2022-01-17 00:14:25,193  INFO [main] carsrunner:14 - home button is clicked in page home page
2022-01-17 00:14:26,836  INFO [main] carsrunner:14 - Car Rental is clicked in page Home Page
2022-01-17 00:14:31,134  INFO [main] carsrunner:14 - name is clicked in page namebox
2022-01-17 00:14:33,791  INFO [main] carsrunner:14 - name is send in page namebox
2022-01-17 00:14:34,717  INFO [main] carsrunner:14 - company name is clicked in page compnamebox
2022-01-17 00:14:36,174  INFO [main] carsrunner:14 - company name is send in page compnamebox
2022-01-17 00:14:37,250  INFO [main] carsrunner:14 - email is clicked in page emailbox
2022-01-17 00:14:38,091  INFO [main] carsrunner:14 - email is send in page emailbox
2022-01-17 00:14:39,196  INFO [main] carsrunner:14 - phone no is clicked in page phonenobox
2022-01-17 00:14:39,980  INFO [main] carsrunner:14 - phone no is send in page phonenobox
2022-01-17 00:14:41,186  INFO [main] carsrunner:14 - submit is clicked in page CarRental
2022-01-17 00:14:45,339  INFO [main] carsrunner:14 - result detail shown 
2022-01-17 00:14:46,332  INFO [main] carsrunner:14 - home button is clicked in page home page
2022-01-17 00:14:47,191  INFO [main] carsrunner:14 - One way cab is clicked in page home page
2022-01-17 00:14:52,708  INFO [main] carsrunner:14 - chennaitab is clicked in page onewaycab
2022-01-17 00:14:55,430  INFO [main] carsrunner:14 - trl is clicked in page chntab
2022-01-17 00:15:00,276  INFO [main] carsrunner:14 - home button is clicked in page home page
2022-01-17 00:15:00,976  INFO [main] carsrunner:14 - img is clicked in page img
2022-01-17 00:15:03,698  INFO [main] carsrunner:14 - bookings is clicked in page bookings
2022-01-17 00:15:06,326  INFO [main] carsrunner:14 - cancelled is clicked in page cancelled
2022-01-17 00:15:09,078  INFO [main] carsrunner:14 - completed is clicked in page completed
2022-01-17 00:15:11,794  INFO [main] carsrunner:14 - booknow is clicked in page booknow
2022-01-17 00:15:14,774  INFO [main] carsrunner:14 - img is clicked in page img
2022-01-17 00:15:17,688  INFO [main] carsrunner:14 - accountsetting is clicked in page accountsetting
2022-01-17 00:15:20,866  INFO [main] carsrunner:14 - home is clicked in page home
2022-01-17 00:15:23,715  INFO [main] carsrunner:14 - img is clicked in page img
2022-01-17 00:15:26,747  INFO [main] carsrunner:14 - logout is clicked in page logout
2022-01-17 00:15:27,441  INFO [main] carsrunner:14 - Signed out sucessfully 
