2022-01-14 19:58:11,963  INFO [main] carsrunner:14 - URL Opened
2022-01-14 19:58:13,213  INFO [main] carsrunner:14 - Page opend with title Book Outstation Cabs, Local & Airport Taxi Service - India's Leading Car Rentals
2022-01-14 19:58:14,367  INFO [main] carsrunner:14 - signin is clicked in page home page
2022-01-14 19:58:20,128  INFO [main] carsrunner:14 - Email field is send in page Account Log in
2022-01-14 19:58:20,625  INFO [main] carsrunner:14 - password field is send in page Account Log in
2022-01-14 19:58:21,335  INFO [main] carsrunner:14 - sign in button is clicked in page Account Log in
2022-01-14 19:58:22,067  INFO [main] carsrunner:14 - Successfully logged in
2022-01-14 19:58:23,075  INFO [main] carsrunner:14 - from place is clicked in page from
2022-01-14 19:58:23,721  INFO [main] carsrunner:14 - place is send in page from
2022-01-14 19:58:24,553  INFO [main] carsrunner:14 - place is clicked in page to
2022-01-14 19:58:25,230  INFO [main] carsrunner:14 - place is send in page to
2022-01-14 19:58:25,979  INFO [main] carsrunner:14 - place is clicked in page to
2022-01-14 19:58:27,004  INFO [main] carsrunner:14 - selected is clicked in page select
2022-01-14 19:58:27,237  INFO [main] carsrunner:14 - Successfully verified
2022-01-14 19:58:28,117  INFO [main] carsrunner:14 - home page is clicked in page home page
2022-01-14 19:58:32,779  INFO [main] carsrunner:14 - round is clicked in page round
2022-01-14 19:58:33,832  INFO [main] carsrunner:14 - selected is clicked in page select
2022-01-14 19:58:36,716  INFO [main] carsrunner:14 - select car is clicked in page select
2022-01-14 19:58:37,697  INFO [main] carsrunner:14 - location is clicked in page location
2022-01-14 19:58:38,242  INFO [main] carsrunner:14 - location is send in page location
2022-01-14 19:58:39,002  INFO [main] carsrunner:14 - locat is clicked in page locat
2022-01-14 19:58:39,652  INFO [main] carsrunner:14 - proceed is clicked in page procedd
2022-01-14 19:59:00,378 ERROR [main] carsrunner:21 - pay is not able clicked in page paynow
2022-01-14 19:59:20,962 ERROR [main] carsrunner:21 - local is not able clicked in page local
2022-01-14 19:59:40,294  INFO [main] carsrunner:14 - airport is clicked in page airport
2022-01-14 19:59:41,495  INFO [main] carsrunner:14 - dropaddress is clicked in page address
2022-01-14 19:59:42,144  INFO [main] carsrunner:14 - dropaddress is send in page address
2022-01-14 19:59:43,176  INFO [main] carsrunner:14 - dropaddress is clicked in page address
2022-01-14 19:59:43,994  INFO [main] carsrunner:14 - selected is clicked in page select
2022-01-14 19:59:46,949  INFO [main] carsrunner:14 - select car is clicked in page select
2022-01-14 20:00:08,146  INFO [main] carsrunner:14 - playstore is clicked in page playstore
2022-01-14 20:00:12,696  INFO [main] carsrunner:14 - playsrore detail shown 
2022-01-14 20:00:13,940  INFO [main] carsrunner:14 - home page is clicked in page home page
2022-01-14 20:00:15,247  INFO [main] carsrunner:14 - car rental is clicked in page rental
2022-01-14 20:00:17,948  INFO [main] carsrunner:14 - name is clicked in page name
2022-01-14 20:00:19,027  INFO [main] carsrunner:14 - name is send in page name
2022-01-14 20:00:20,049  INFO [main] carsrunner:14 - company name is clicked in page compname
2022-01-14 20:00:20,901  INFO [main] carsrunner:14 - company name is send in page compname
2022-01-14 20:00:22,303  INFO [main] carsrunner:14 - email is clicked in page email
2022-01-14 20:00:23,293  INFO [main] carsrunner:14 - email is send in page email
2022-01-14 20:00:24,820  INFO [main] carsrunner:14 - phone no is clicked in page phoneno
2022-01-14 20:00:25,909  INFO [main] carsrunner:14 - phone no is send in page phoneno
2022-01-14 20:00:27,491  INFO [main] carsrunner:14 - submit is clicked in page submit
2022-01-14 20:00:31,054  INFO [main] carsrunner:14 - result detail shown 
2022-01-14 20:00:32,338  INFO [main] carsrunner:14 - home page is clicked in page home page
2022-01-14 20:00:33,074  INFO [main] carsrunner:14 - One way cab is clicked in page onewaycab
2022-01-14 20:00:38,185  INFO [main] carsrunner:14 - chennaitab is clicked in page chennai
2022-01-14 20:00:38,880  INFO [main] carsrunner:14 - trl is clicked in page trl
2022-01-14 20:01:03,280 ERROR [main] carsrunner:21 - place is not able clicked in page to
