2022-01-14 20:38:41,526  INFO [main] carsrunner:14 - URL Opened
2022-01-14 20:38:42,951  INFO [main] carsrunner:14 - Page opend with title Book Outstation Cabs, Local & Airport Taxi Service - India's Leading Car Rentals
2022-01-14 20:38:44,261  INFO [main] carsrunner:14 - signin is clicked in page home page
2022-01-14 20:38:50,060  INFO [main] carsrunner:14 - Email field is send in page Account Log in
2022-01-14 20:38:50,550  INFO [main] carsrunner:14 - password field is send in page Account Log in
2022-01-14 20:38:51,248  INFO [main] carsrunner:14 - sign in button is clicked in page Account Log in
2022-01-14 20:38:52,049  INFO [main] carsrunner:14 - Successfully logged in
2022-01-14 20:38:52,990  INFO [main] carsrunner:14 - from place is clicked in page from
2022-01-14 20:38:53,622  INFO [main] carsrunner:14 - place is send in page from
2022-01-14 20:38:54,633  INFO [main] carsrunner:14 - place is clicked in page to
2022-01-14 20:38:55,731  INFO [main] carsrunner:14 - place is send in page to
2022-01-14 20:38:56,507  INFO [main] carsrunner:14 - place is clicked in page to
2022-01-14 20:38:57,994  INFO [main] carsrunner:14 - selected is clicked in page select
2022-01-14 20:38:58,251  INFO [main] carsrunner:14 - Successfully verified
2022-01-14 20:38:59,387  INFO [main] carsrunner:14 - home page is clicked in page home page
2022-01-14 20:39:04,071  INFO [main] carsrunner:14 - round is clicked in page round
2022-01-14 20:39:05,093  INFO [main] carsrunner:14 - selected is clicked in page select
2022-01-14 20:39:08,161  INFO [main] carsrunner:14 - select car is clicked in page select
2022-01-14 20:39:09,260  INFO [main] carsrunner:14 - location is clicked in page location
2022-01-14 20:39:09,649  INFO [main] carsrunner:14 - location is send in page location
2022-01-14 20:39:29,339 ERROR [main] carsrunner:21 - locat is not able clicked in page locat
2022-01-14 20:39:29,886 ERROR [main] carsrunner:21 - local is not able clicked in page local
2022-01-14 20:39:30,104 ERROR [main] carsrunner:21 - airport is not able clicked in page airport
2022-01-14 20:39:30,243 ERROR [main] carsrunner:21 - playstore is not able clicked in page playstore
2022-01-14 20:39:30,336 ERROR [main] carsrunner:21 - car rental is not able clicked in page rental
2022-01-14 20:39:30,508 ERROR [main] carsrunner:21 - One way cab is not able clicked in page onewaycab
