2022-01-14 11:47:02,615  INFO [main] carsrunner:14 - URL Opened
2022-01-14 11:47:04,364  INFO [main] carsrunner:14 - Page opend with title Book Outstation Cabs, Local & Airport Taxi Service - India's Leading Car Rentals
2022-01-14 11:47:05,959  INFO [main] carsrunner:14 - signin is clicked in page home page
2022-01-14 11:47:11,868  INFO [main] carsrunner:14 - Email field is send in page Account Log in
2022-01-14 11:47:12,415  INFO [main] carsrunner:14 - password field is send in page Account Log in
2022-01-14 11:47:13,192  INFO [main] carsrunner:14 - sign in button is clicked in page Account Log in
2022-01-14 11:47:14,010  INFO [main] carsrunner:14 - Successfully logged in
2022-01-14 11:47:14,939  INFO [main] carsrunner:14 - from place is clicked in page from
2022-01-14 11:47:15,604  INFO [main] carsrunner:14 - place is send in page from
2022-01-14 11:47:16,482  INFO [main] carsrunner:14 - place is clicked in page to
2022-01-14 11:47:17,301  INFO [main] carsrunner:14 - place is send in page to
2022-01-14 11:47:18,064  INFO [main] carsrunner:14 - place is clicked in page to
2022-01-14 11:47:19,179  INFO [main] carsrunner:14 - selected is clicked in page select
2022-01-14 11:47:19,416  INFO [main] carsrunner:14 - Successfully verified
2022-01-14 11:47:20,329  INFO [main] carsrunner:14 - home page is clicked in page home page
2022-01-14 11:47:25,088  INFO [main] carsrunner:14 - round is clicked in page round
2022-01-14 11:47:26,078  INFO [main] carsrunner:14 - selected is clicked in page select
2022-01-14 11:47:28,978  INFO [main] carsrunner:14 - select car is clicked in page select
2022-01-14 11:47:29,707  INFO [main] carsrunner:14 - booking detail shown 
2022-01-14 11:47:30,741  INFO [main] carsrunner:14 - home page is clicked in page home page
2022-01-14 11:47:31,814  INFO [main] carsrunner:14 - local is clicked in page local
2022-01-14 11:47:32,792  INFO [main] carsrunner:14 - selected is clicked in page select
2022-01-14 11:47:35,431  INFO [main] carsrunner:14 - time is clicked in page time
2022-01-14 11:47:36,391  INFO [main] carsrunner:14 - select car is clicked in page select
2022-01-14 11:47:36,962  INFO [main] carsrunner:14 - booking detail shown 
2022-01-14 11:47:37,660  INFO [main] carsrunner:14 - home page is clicked in page home page
2022-01-14 11:47:38,878  INFO [main] carsrunner:14 - airport is clicked in page airport
2022-01-14 11:47:40,291  INFO [main] carsrunner:14 - dropaddress is clicked in page address
2022-01-14 11:47:41,362  INFO [main] carsrunner:14 - dropaddress is send in page address
2022-01-14 11:48:00,890 ERROR [main] carsrunner:21 - dropaddress is not able clicked in page address
2022-01-14 11:48:01,432 ERROR [main] carsrunner:21 - playstore is not able clicked in page playstore
2022-01-14 11:48:01,652 ERROR [main] carsrunner:21 - car rental is not able clicked in page rental
