2022-01-15 10:58:21,358  INFO [main] carsrunner:14 - URL Opened
2022-01-15 10:58:23,037  INFO [main] carsrunner:14 - Page opend with title Book Outstation Cabs, Local & Airport Taxi Service - India's Leading Car Rentals
2022-01-15 10:58:24,305  INFO [main] carsrunner:14 - signin is clicked in page home page
2022-01-15 10:58:30,023  INFO [main] carsrunner:14 - Email field is send in page Account Log in
2022-01-15 10:58:30,759  INFO [main] carsrunner:14 - password field is send in page Account Log in
2022-01-15 10:58:31,843  INFO [main] carsrunner:14 - sign in button is clicked in page Account Log in
2022-01-15 10:58:32,701  INFO [main] carsrunner:14 - Successfully logged in
2022-01-15 10:58:34,026  INFO [main] carsrunner:14 - from place is clicked in page from
2022-01-15 10:58:34,907  INFO [main] carsrunner:14 - place is send in page from
2022-01-15 10:58:35,938  INFO [main] carsrunner:14 - place is clicked in page to
2022-01-15 10:58:36,930  INFO [main] carsrunner:14 - place is send in page to
2022-01-15 10:58:37,930  INFO [main] carsrunner:14 - place is clicked in page to
2022-01-15 10:58:39,710  INFO [main] carsrunner:14 - selected is clicked in page select
2022-01-15 10:58:42,047  INFO [main] carsrunner:14 - Successfully verified
2022-01-15 10:58:44,990  INFO [main] carsrunner:14 - home page is clicked in page home page
2022-01-15 10:58:49,992  INFO [main] carsrunner:14 - round is clicked in page round
2022-01-15 10:58:51,192  INFO [main] carsrunner:14 - selected is clicked in page select
2022-01-15 10:58:54,664  INFO [main] carsrunner:14 - select car is clicked in page select
2022-01-15 10:58:55,910  INFO [main] carsrunner:14 - booking detail shown 
2022-01-15 10:58:56,810  INFO [main] carsrunner:14 - home page is clicked in page home page
2022-01-15 10:58:58,052  INFO [main] carsrunner:14 - local is clicked in page local
2022-01-15 10:58:59,328  INFO [main] carsrunner:14 - selected is clicked in page select
2022-01-15 10:59:02,137  INFO [main] carsrunner:14 - time is clicked in page time
2022-01-15 10:59:03,273  INFO [main] carsrunner:14 - select car is clicked in page select
2022-01-15 10:59:05,488  INFO [main] carsrunner:14 - booking detail shown 
2022-01-15 10:59:06,203  INFO [main] carsrunner:14 - home page is clicked in page home page
2022-01-15 10:59:07,719  INFO [main] carsrunner:14 - airport is clicked in page airport
2022-01-15 10:59:09,184  INFO [main] carsrunner:14 - dropaddress is clicked in page address
2022-01-15 10:59:10,411  INFO [main] carsrunner:14 - dropaddress is send in page address
2022-01-15 10:59:11,542  INFO [main] carsrunner:14 - dropaddress is clicked in page address
2022-01-15 10:59:12,738  INFO [main] carsrunner:14 - selected is clicked in page select
2022-01-15 10:59:15,917  INFO [main] carsrunner:14 - select car is clicked in page select
2022-01-15 10:59:16,389  INFO [main] carsrunner:14 - booking detail shown 
2022-01-15 10:59:17,182  INFO [main] carsrunner:14 - home page is clicked in page home page
2022-01-15 10:59:18,403  INFO [main] carsrunner:14 - playstore is clicked in page playstore
2022-01-15 10:59:24,113  INFO [main] carsrunner:14 - playsrore detail shown 
2022-01-15 10:59:24,893  INFO [main] carsrunner:14 - home page is clicked in page home page
2022-01-15 10:59:26,069  INFO [main] carsrunner:14 - car rental is clicked in page rental
2022-01-15 10:59:30,477  INFO [main] carsrunner:14 - name is clicked in page name
2022-01-15 10:59:31,378  INFO [main] carsrunner:14 - name is send in page name
2022-01-15 10:59:32,844  INFO [main] carsrunner:14 - company name is clicked in page compname
2022-01-15 10:59:33,770  INFO [main] carsrunner:14 - company name is send in page compname
2022-01-15 10:59:35,145  INFO [main] carsrunner:14 - email is clicked in page email
2022-01-15 10:59:36,022  INFO [main] carsrunner:14 - email is send in page email
2022-01-15 10:59:37,205  INFO [main] carsrunner:14 - phone no is clicked in page phoneno
2022-01-15 10:59:38,257  INFO [main] carsrunner:14 - phone no is send in page phoneno
2022-01-15 10:59:39,613  INFO [main] carsrunner:14 - submit is clicked in page submit
2022-01-15 10:59:43,534  INFO [main] carsrunner:14 - result detail shown 
2022-01-15 10:59:44,896  INFO [main] carsrunner:14 - home page is clicked in page home page
2022-01-15 10:59:46,006  INFO [main] carsrunner:14 - One way cab is clicked in page onewaycab
2022-01-15 10:59:51,626  INFO [main] carsrunner:14 - chennaitab is clicked in page chennai
2022-01-15 10:59:54,395  INFO [main] carsrunner:14 - trl is clicked in page trl
2022-01-15 10:59:59,306  INFO [main] carsrunner:14 - home page is clicked in page home page
2022-01-15 11:00:00,047  INFO [main] carsrunner:14 - img is clicked in page img
2022-01-15 11:00:02,740  INFO [main] carsrunner:14 - bookings is clicked in page bookings
2022-01-15 11:00:05,397  INFO [main] carsrunner:14 - cancelled is clicked in page cancelled
2022-01-15 11:00:08,038  INFO [main] carsrunner:14 - completed is clicked in page completed
2022-01-15 11:00:10,807  INFO [main] carsrunner:14 - booknow is clicked in page booknow
2022-01-15 11:00:13,859  INFO [main] carsrunner:14 - img is clicked in page img
2022-01-15 11:00:16,853  INFO [main] carsrunner:14 - accountsetting is clicked in page accountsetting
2022-01-15 11:00:19,981  INFO [main] carsrunner:14 - home is clicked in page home
2022-01-15 11:00:23,169  INFO [main] carsrunner:14 - img is clicked in page img
2022-01-15 11:00:26,195  INFO [main] carsrunner:14 - logout is clicked in page logout
2022-01-15 11:00:26,863  INFO [main] carsrunner:14 - Signed out sucessfully 
