2022-01-14 20:45:57,414  INFO [main] carsrunner:14 - URL Opened
2022-01-14 20:46:34,760  INFO [main] carsrunner:14 - Page opend with title Book Outstation Cabs, Local & Airport Taxi Service - India's Leading Car Rentals
2022-01-14 20:46:38,878  INFO [main] carsrunner:14 - signin is clicked in page home page
2022-01-14 20:46:45,576  INFO [main] carsrunner:14 - Email field is send in page Account Log in
2022-01-14 20:46:46,222  INFO [main] carsrunner:14 - password field is send in page Account Log in
2022-01-14 20:46:46,972  INFO [main] carsrunner:14 - sign in button is clicked in page Account Log in
2022-01-14 20:46:47,774  INFO [main] carsrunner:14 - Successfully logged in
2022-01-14 20:46:48,944  INFO [main] carsrunner:14 - from place is clicked in page from
2022-01-14 20:46:49,678  INFO [main] carsrunner:14 - place is send in page from
2022-01-14 20:46:50,495  INFO [main] carsrunner:14 - place is clicked in page to
2022-01-14 20:46:51,159  INFO [main] carsrunner:14 - place is send in page to
2022-01-14 20:46:52,082  INFO [main] carsrunner:14 - place is clicked in page to
2022-01-14 20:46:53,455  INFO [main] carsrunner:14 - selected is clicked in page select
2022-01-14 20:46:53,688  INFO [main] carsrunner:14 - Successfully verified
2022-01-14 20:46:54,712  INFO [main] carsrunner:14 - home page is clicked in page home page
2022-01-14 20:46:59,482  INFO [main] carsrunner:14 - round is clicked in page round
2022-01-14 20:47:00,469  INFO [main] carsrunner:14 - selected is clicked in page select
2022-01-14 20:47:04,266  INFO [main] carsrunner:14 - select car is clicked in page select
2022-01-14 20:47:06,455  INFO [main] carsrunner:14 - location is clicked in page location
2022-01-14 20:47:06,999  INFO [main] carsrunner:14 - location is send in page location
2022-01-14 20:47:08,210  INFO [main] carsrunner:14 - locat is clicked in page locat
2022-01-14 20:47:08,805  INFO [main] carsrunner:14 - proceed is clicked in page procedd
2022-01-14 20:47:30,094 ERROR [main] carsrunner:21 - pay is not able clicked in page paynow
2022-01-14 20:47:50,523 ERROR [main] carsrunner:21 - local is not able clicked in page local
2022-01-14 20:48:11,011 ERROR [main] carsrunner:21 - airport is not able clicked in page airport
2022-01-14 20:48:12,099  INFO [main] carsrunner:14 - playstore is clicked in page playstore
2022-01-14 20:48:18,680  INFO [main] carsrunner:14 - playsrore detail shown 
2022-01-14 20:48:19,975  INFO [main] carsrunner:14 - home page is clicked in page home page
2022-01-14 20:48:21,177  INFO [main] carsrunner:14 - car rental is clicked in page rental
2022-01-14 20:48:24,477  INFO [main] carsrunner:14 - name is clicked in page name
2022-01-14 20:48:25,420  INFO [main] carsrunner:14 - name is send in page name
2022-01-14 20:48:26,441  INFO [main] carsrunner:14 - company name is clicked in page compname
2022-01-14 20:48:27,382  INFO [main] carsrunner:14 - company name is send in page compname
2022-01-14 20:48:28,701  INFO [main] carsrunner:14 - email is clicked in page email
2022-01-14 20:48:29,584  INFO [main] carsrunner:14 - email is send in page email
2022-01-14 20:48:30,832  INFO [main] carsrunner:14 - phone no is clicked in page phoneno
2022-01-14 20:48:32,017  INFO [main] carsrunner:14 - phone no is send in page phoneno
2022-01-14 20:48:33,900  INFO [main] carsrunner:14 - submit is clicked in page submit
2022-01-14 20:48:38,092  INFO [main] carsrunner:14 - result detail shown 
2022-01-14 20:48:39,455  INFO [main] carsrunner:14 - home page is clicked in page home page
2022-01-14 20:48:40,179  INFO [main] carsrunner:14 - One way cab is clicked in page onewaycab
2022-01-14 20:48:45,560  INFO [main] carsrunner:14 - chennaitab is clicked in page chennai
2022-01-14 20:48:46,190  INFO [main] carsrunner:14 - trl is clicked in page trl
2022-01-14 20:48:50,518 ERROR [main] carsrunner:21 -  booking detail not shown
