2022-01-14 21:43:20,620  INFO [main] carsrunner:14 - URL Opened
2022-01-14 21:43:21,728  INFO [main] carsrunner:14 - Page opend with title Book Outstation Cabs, Local & Airport Taxi Service - India's Leading Car Rentals
2022-01-14 21:43:22,817  INFO [main] carsrunner:14 - signin is clicked in page home page
2022-01-14 21:43:28,419  INFO [main] carsrunner:14 - Email field is send in page Account Log in
2022-01-14 21:43:28,935  INFO [main] carsrunner:14 - password field is send in page Account Log in
2022-01-14 21:43:29,584  INFO [main] carsrunner:14 - sign in button is clicked in page Account Log in
2022-01-14 21:43:30,320  INFO [main] carsrunner:14 - Successfully logged in
2022-01-14 21:43:31,327  INFO [main] carsrunner:14 - from place is clicked in page from
2022-01-14 21:43:31,925  INFO [main] carsrunner:14 - place is send in page from
2022-01-14 21:43:32,674  INFO [main] carsrunner:14 - place is clicked in page to
2022-01-14 21:43:33,296  INFO [main] carsrunner:14 - place is send in page to
2022-01-14 21:43:34,070  INFO [main] carsrunner:14 - place is clicked in page to
2022-01-14 21:43:35,084  INFO [main] carsrunner:14 - selected is clicked in page select
2022-01-14 21:43:35,299  INFO [main] carsrunner:14 - Successfully verified
2022-01-14 21:43:35,710  INFO [main] carsrunner:14 - home page is clicked in page home page
2022-01-14 21:44:00,098 ERROR [main] carsrunner:21 - round is not able clicked in page round
2022-01-14 21:44:05,743 ERROR [main] carsrunner:21 - local is not able clicked in page local
2022-01-14 21:44:06,199 ERROR [main] carsrunner:21 - airport is not able clicked in page airport
2022-01-14 21:44:06,340 ERROR [main] carsrunner:21 - playstore is not able clicked in page playstore
2022-01-14 21:44:06,436 ERROR [main] carsrunner:21 - car rental is not able clicked in page rental
2022-01-14 21:44:06,545 ERROR [main] carsrunner:21 - img is not able clicked in page img
