2022-01-14 20:13:46,868  INFO [main] carsrunner:14 - URL Opened
2022-01-14 20:13:48,549  INFO [main] carsrunner:14 - Page opend with title Book Outstation Cabs, Local & Airport Taxi Service - India's Leading Car Rentals
2022-01-14 20:13:49,748  INFO [main] carsrunner:14 - signin is clicked in page home page
2022-01-14 20:13:55,405  INFO [main] carsrunner:14 - Email field is send in page Account Log in
2022-01-14 20:13:55,968  INFO [main] carsrunner:14 - password field is send in page Account Log in
2022-01-14 20:13:56,646  INFO [main] carsrunner:14 - sign in button is clicked in page Account Log in
2022-01-14 20:13:57,253  INFO [main] carsrunner:14 - Successfully logged in
2022-01-14 20:13:58,239  INFO [main] carsrunner:14 - from place is clicked in page from
2022-01-14 20:13:58,888  INFO [main] carsrunner:14 - place is send in page from
2022-01-14 20:13:59,695  INFO [main] carsrunner:14 - place is clicked in page to
2022-01-14 20:14:00,398  INFO [main] carsrunner:14 - place is send in page to
2022-01-14 20:14:01,222  INFO [main] carsrunner:14 - place is clicked in page to
2022-01-14 20:14:02,282  INFO [main] carsrunner:14 - selected is clicked in page select
2022-01-14 20:14:02,571  INFO [main] carsrunner:14 - Successfully verified
2022-01-14 20:14:03,485  INFO [main] carsrunner:14 - home page is clicked in page home page
2022-01-14 20:14:08,267  INFO [main] carsrunner:14 - round is clicked in page round
2022-01-14 20:14:09,362  INFO [main] carsrunner:14 - selected is clicked in page select
2022-01-14 20:14:12,253  INFO [main] carsrunner:14 - select car is clicked in page select
2022-01-14 20:14:14,849  INFO [main] carsrunner:14 - location is clicked in page location
2022-01-14 20:14:15,244  INFO [main] carsrunner:14 - location is send in page location
2022-01-14 20:14:15,719 ERROR [main] carsrunner:21 - locat is not able clicked in page locat
2022-01-14 20:14:36,158 ERROR [main] carsrunner:21 - local is not able clicked in page local
2022-01-14 20:14:56,565 ERROR [main] carsrunner:21 - airport is not able clicked in page airport
2022-01-14 20:14:57,315  INFO [main] carsrunner:14 - playstore is clicked in page playstore
2022-01-14 20:15:01,797  INFO [main] carsrunner:14 - playsrore detail shown 
2022-01-14 20:15:02,762  INFO [main] carsrunner:14 - home page is clicked in page home page
2022-01-14 20:15:03,888  INFO [main] carsrunner:14 - car rental is clicked in page rental
2022-01-14 20:15:07,829  INFO [main] carsrunner:14 - name is clicked in page name
2022-01-14 20:15:08,903  INFO [main] carsrunner:14 - name is send in page name
2022-01-14 20:15:10,191  INFO [main] carsrunner:14 - company name is clicked in page compname
2022-01-14 20:15:11,057  INFO [main] carsrunner:14 - company name is send in page compname
2022-01-14 20:15:12,155  INFO [main] carsrunner:14 - email is clicked in page email
2022-01-14 20:15:13,148  INFO [main] carsrunner:14 - email is send in page email
2022-01-14 20:15:14,498  INFO [main] carsrunner:14 - phone no is clicked in page phoneno
2022-01-14 20:15:15,381  INFO [main] carsrunner:14 - phone no is send in page phoneno
2022-01-14 20:15:16,845  INFO [main] carsrunner:14 - submit is clicked in page submit
2022-01-14 20:15:20,540  INFO [main] carsrunner:14 - result detail shown 
2022-01-14 20:15:21,905  INFO [main] carsrunner:14 - home page is clicked in page home page
2022-01-14 20:15:22,869  INFO [main] carsrunner:14 - One way cab is clicked in page onewaycab
2022-01-14 20:15:27,968  INFO [main] carsrunner:14 - chennaitab is clicked in page chennai
2022-01-14 20:15:28,676  INFO [main] carsrunner:14 - trl is clicked in page trl
2022-01-14 20:15:32,987 ERROR [main] carsrunner:21 -  booking detail not shown
