2022-01-15 10:56:57,095  INFO [main] carsrunner:14 - URL Opened
2022-01-15 10:56:58,684  INFO [main] carsrunner:14 - Page opend with title Book Outstation Cabs, Local & Airport Taxi Service - India's Leading Car Rentals
2022-01-15 10:57:00,082  INFO [main] carsrunner:14 - signin is clicked in page home page
2022-01-15 10:57:05,866  INFO [main] carsrunner:14 - Email field is send in page Account Log in
2022-01-15 10:57:06,574  INFO [main] carsrunner:14 - password field is send in page Account Log in
2022-01-15 10:57:07,500  INFO [main] carsrunner:14 - sign in button is clicked in page Account Log in
2022-01-15 10:57:08,417  INFO [main] carsrunner:14 - Successfully logged in
2022-01-15 10:57:09,739  INFO [main] carsrunner:14 - from place is clicked in page from
2022-01-15 10:57:10,615  INFO [main] carsrunner:14 - place is send in page from
2022-01-15 10:57:11,938  INFO [main] carsrunner:14 - place is clicked in page to
2022-01-15 10:57:12,832  INFO [main] carsrunner:14 - place is send in page to
2022-01-15 10:57:13,796  INFO [main] carsrunner:14 - place is clicked in page to
2022-01-15 10:57:15,549  INFO [main] carsrunner:14 - selected is clicked in page select
2022-01-15 10:57:17,926  INFO [main] carsrunner:14 - Successfully verified
2022-01-15 10:57:20,722  INFO [main] carsrunner:14 - home page is clicked in page home page
2022-01-15 10:57:30,553  INFO [main] carsrunner:14 - round is clicked in page round
2022-01-15 10:57:31,994  INFO [main] carsrunner:14 - selected is clicked in page select
2022-01-15 10:57:35,089  INFO [main] carsrunner:14 - select car is clicked in page select
2022-01-15 10:57:35,927  INFO [main] carsrunner:14 - booking detail shown 
2022-01-15 10:57:36,732  INFO [main] carsrunner:14 - home page is clicked in page home page
2022-01-15 10:57:37,874  INFO [main] carsrunner:14 - local is clicked in page local
2022-01-15 10:57:38,947  INFO [main] carsrunner:14 - selected is clicked in page select
2022-01-15 10:57:41,548  INFO [main] carsrunner:14 - time is clicked in page time
2022-01-15 10:57:42,451  INFO [main] carsrunner:14 - select car is clicked in page select
2022-01-15 10:57:43,938  INFO [main] carsrunner:14 - booking detail shown 
2022-01-15 10:57:44,629  INFO [main] carsrunner:14 - home page is clicked in page home page
2022-01-15 10:57:45,916  INFO [main] carsrunner:14 - airport is clicked in page airport
2022-01-15 10:57:46,980  INFO [main] carsrunner:14 - dropaddress is clicked in page address
2022-01-15 10:57:47,823  INFO [main] carsrunner:14 - dropaddress is send in page address
2022-01-15 10:57:54,966 ERROR [main] carsrunner:21 - dropaddress is not able clicked in page address
2022-01-15 10:57:55,598 ERROR [main] carsrunner:21 - playstore is not able clicked in page playstore
2022-01-15 10:57:55,965 ERROR [main] carsrunner:21 - car rental is not able clicked in page rental
2022-01-15 10:57:56,289 ERROR [main] carsrunner:21 - One way cab is not able clicked in page onewaycab
2022-01-15 10:57:56,632 ERROR [main] carsrunner:21 - img is not able clicked in page img
