2022-01-15 12:27:30,807  INFO [main] carsrunner:14 - URL Opened
2022-01-15 12:27:32,605  INFO [main] carsrunner:14 - Page opend with title Book Outstation Cabs, Local & Airport Taxi Service - India's Leading Car Rentals
2022-01-15 12:27:33,936  INFO [main] carsrunner:14 - signin is clicked in page home page
2022-01-15 12:27:39,822  INFO [main] carsrunner:14 - Email field is send in page Account Log in
2022-01-15 12:27:40,399  INFO [main] carsrunner:14 - password field is send in page Account Log in
2022-01-15 12:27:41,156  INFO [main] carsrunner:14 - sign in button is clicked in page Account Log in
2022-01-15 12:27:42,095  INFO [main] carsrunner:14 - Successfully logged in
2022-01-15 12:27:43,262  INFO [main] carsrunner:14 - from place is clicked in page from
2022-01-15 12:27:44,037  INFO [main] carsrunner:14 - place is send in page from
2022-01-15 12:27:44,901  INFO [main] carsrunner:14 - place is clicked in page to
2022-01-15 12:27:45,694  INFO [main] carsrunner:14 - place is send in page to
2022-01-15 12:27:46,654  INFO [main] carsrunner:14 - place is clicked in page to
2022-01-15 12:27:47,280 ERROR [main] carsrunner:21 - calendar is not able clicked in page calendar
2022-01-15 12:27:50,389  INFO [main] carsrunner:14 - round is clicked in page round
2022-01-15 12:27:50,940 ERROR [main] carsrunner:21 - calendar is not able clicked in page calendar
2022-01-15 12:27:51,875  INFO [main] carsrunner:14 - local is clicked in page local
2022-01-15 12:27:52,415 ERROR [main] carsrunner:21 - calendar is not able clicked in page calendar
2022-01-15 12:27:53,469  INFO [main] carsrunner:14 - airport is clicked in page airport
2022-01-15 12:27:55,327  INFO [main] carsrunner:14 - dropaddress is clicked in page address
2022-01-15 12:27:56,293  INFO [main] carsrunner:14 - dropaddress is send in page address
2022-01-15 12:27:57,054 ERROR [main] carsrunner:21 - dropaddress is not able clicked in page address
2022-01-15 12:27:58,326  INFO [main] carsrunner:14 - playstore is clicked in page playstore
2022-01-15 12:28:04,389  INFO [main] carsrunner:14 - playsrore detail shown 
2022-01-15 12:28:05,185  INFO [main] carsrunner:14 - home page is clicked in page home page
2022-01-15 12:28:06,095  INFO [main] carsrunner:14 - car rental is clicked in page rental
2022-01-15 12:28:06,808  INFO [main] carsrunner:14 - One way cab is clicked in page onewaycab
2022-01-15 12:28:12,452  INFO [main] carsrunner:14 - chennaitab is clicked in page chennai
2022-01-15 12:28:15,265  INFO [main] carsrunner:14 - trl is clicked in page trl
2022-01-15 12:28:20,060  INFO [main] carsrunner:14 - home page is clicked in page home page
2022-01-15 12:28:20,738  INFO [main] carsrunner:14 - img is clicked in page img
2022-01-15 12:28:23,410  INFO [main] carsrunner:14 - bookings is clicked in page bookings
2022-01-15 12:28:25,963  INFO [main] carsrunner:14 - cancelled is clicked in page cancelled
2022-01-15 12:28:28,555  INFO [main] carsrunner:14 - completed is clicked in page completed
2022-01-15 12:28:31,445  INFO [main] carsrunner:14 - booknow is clicked in page booknow
2022-01-15 12:28:34,042  INFO [main] carsrunner:14 - img is clicked in page img
2022-01-15 12:28:37,203  INFO [main] carsrunner:14 - accountsetting is clicked in page accountsetting
2022-01-15 12:28:40,412  INFO [main] carsrunner:14 - home is clicked in page home
2022-01-15 12:28:43,295  INFO [main] carsrunner:14 - img is clicked in page img
2022-01-15 12:28:46,268  INFO [main] carsrunner:14 - logout is clicked in page logout
2022-01-15 12:28:46,989  INFO [main] carsrunner:14 - Signed out sucessfully 
