2022-01-14 11:48:19,519  INFO [main] carsrunner:14 - URL Opened
2022-01-14 11:48:20,935  INFO [main] carsrunner:14 - Page opend with title Book Outstation Cabs, Local & Airport Taxi Service - India's Leading Car Rentals
2022-01-14 11:48:22,197  INFO [main] carsrunner:14 - signin is clicked in page home page
2022-01-14 11:48:28,042  INFO [main] carsrunner:14 - Email field is send in page Account Log in
2022-01-14 11:48:28,554  INFO [main] carsrunner:14 - password field is send in page Account Log in
2022-01-14 11:48:29,325  INFO [main] carsrunner:14 - sign in button is clicked in page Account Log in
2022-01-14 11:48:29,959  INFO [main] carsrunner:14 - Successfully logged in
2022-01-14 11:48:30,940  INFO [main] carsrunner:14 - from place is clicked in page from
2022-01-14 11:48:31,609  INFO [main] carsrunner:14 - place is send in page from
2022-01-14 11:48:32,380  INFO [main] carsrunner:14 - place is clicked in page to
2022-01-14 11:48:33,123  INFO [main] carsrunner:14 - place is send in page to
2022-01-14 11:48:34,019  INFO [main] carsrunner:14 - place is clicked in page to
2022-01-14 11:48:35,143  INFO [main] carsrunner:14 - selected is clicked in page select
2022-01-14 11:48:35,365  INFO [main] carsrunner:14 - Successfully verified
2022-01-14 11:48:36,192  INFO [main] carsrunner:14 - home page is clicked in page home page
2022-01-14 11:48:41,007  INFO [main] carsrunner:14 - round is clicked in page round
2022-01-14 11:48:42,001  INFO [main] carsrunner:14 - selected is clicked in page select
2022-01-14 11:48:44,959  INFO [main] carsrunner:14 - select car is clicked in page select
2022-01-14 11:48:46,126  INFO [main] carsrunner:14 - booking detail shown 
2022-01-14 11:48:46,845  INFO [main] carsrunner:14 - home page is clicked in page home page
2022-01-14 11:48:47,850  INFO [main] carsrunner:14 - local is clicked in page local
2022-01-14 11:48:48,904  INFO [main] carsrunner:14 - selected is clicked in page select
2022-01-14 11:48:51,535  INFO [main] carsrunner:14 - time is clicked in page time
2022-01-14 11:48:52,478  INFO [main] carsrunner:14 - select car is clicked in page select
2022-01-14 11:48:53,389  INFO [main] carsrunner:14 - booking detail shown 
2022-01-14 11:48:54,185  INFO [main] carsrunner:14 - home page is clicked in page home page
2022-01-14 11:48:55,456  INFO [main] carsrunner:14 - airport is clicked in page airport
2022-01-14 11:48:56,400  INFO [main] carsrunner:14 - dropaddress is clicked in page address
2022-01-14 11:48:57,220  INFO [main] carsrunner:14 - dropaddress is send in page address
2022-01-14 11:48:58,241  INFO [main] carsrunner:14 - dropaddress is clicked in page address
2022-01-14 11:48:59,312  INFO [main] carsrunner:14 - selected is clicked in page select
2022-01-14 11:49:02,245  INFO [main] carsrunner:14 - select car is clicked in page select
2022-01-14 11:49:03,098  INFO [main] carsrunner:14 - booking detail shown 
2022-01-14 11:49:03,701  INFO [main] carsrunner:14 - home page is clicked in page home page
2022-01-14 11:49:04,973  INFO [main] carsrunner:14 - playstore is clicked in page playstore
2022-01-14 11:49:09,909  INFO [main] carsrunner:14 - playsrore detail shown 
2022-01-14 11:49:10,727  INFO [main] carsrunner:14 - home page is clicked in page home page
2022-01-14 11:49:11,968  INFO [main] carsrunner:14 - car rental is clicked in page rental
2022-01-14 11:49:15,482  INFO [main] carsrunner:14 - name is clicked in page name
2022-01-14 11:49:16,393  INFO [main] carsrunner:14 - name is send in page name
2022-01-14 11:49:17,589  INFO [main] carsrunner:14 - company name is clicked in page compname
2022-01-14 11:49:18,615  INFO [main] carsrunner:14 - company name is send in page compname
2022-01-14 11:49:19,814  INFO [main] carsrunner:14 - email is clicked in page email
2022-01-14 11:49:20,681  INFO [main] carsrunner:14 - email is send in page email
2022-01-14 11:49:21,922  INFO [main] carsrunner:14 - phone no is clicked in page phoneno
2022-01-14 11:49:22,963  INFO [main] carsrunner:14 - phone no is send in page phoneno
2022-01-14 11:49:24,419  INFO [main] carsrunner:14 - submit is clicked in page submit
2022-01-14 11:49:27,917  INFO [main] carsrunner:14 - playsrore detail shown 
2022-01-14 11:49:29,096  INFO [main] carsrunner:14 - home page is clicked in page home page
