2022-01-15 10:51:18,526  INFO [main] carsrunner:14 - URL Opened
2022-01-15 10:51:20,498  INFO [main] carsrunner:14 - Page opend with title Book Outstation Cabs, Local & Airport Taxi Service - India's Leading Car Rentals
2022-01-15 10:51:22,577  INFO [main] carsrunner:14 - signin is clicked in page home page
2022-01-15 10:51:29,407  INFO [main] carsrunner:14 - Email field is send in page Account Log in
2022-01-15 10:51:30,227  INFO [main] carsrunner:14 - password field is send in page Account Log in
2022-01-15 10:51:31,247  INFO [main] carsrunner:14 - sign in button is clicked in page Account Log in
2022-01-15 10:51:32,223  INFO [main] carsrunner:14 - Successfully logged in
2022-01-15 10:51:33,448  INFO [main] carsrunner:14 - from place is clicked in page from
2022-01-15 10:51:34,452  INFO [main] carsrunner:14 - place is send in page from
2022-01-15 10:51:35,586  INFO [main] carsrunner:14 - place is clicked in page to
2022-01-15 10:51:36,563  INFO [main] carsrunner:14 - place is send in page to
2022-01-15 10:51:37,532  INFO [main] carsrunner:14 - place is clicked in page to
2022-01-15 10:51:39,798  INFO [main] carsrunner:14 - selected is clicked in page select
2022-01-15 10:51:42,146  INFO [main] carsrunner:14 - Successfully verified
2022-01-15 10:51:45,682  INFO [main] carsrunner:14 - home page is clicked in page home page
2022-01-15 10:51:50,640  INFO [main] carsrunner:14 - round is clicked in page round
2022-01-15 10:51:51,614  INFO [main] carsrunner:14 - selected is clicked in page select
2022-01-15 10:51:55,283  INFO [main] carsrunner:14 - select car is clicked in page select
2022-01-15 10:51:56,990  INFO [main] carsrunner:14 - booking detail shown 
2022-01-15 10:51:57,761  INFO [main] carsrunner:14 - home page is clicked in page home page
2022-01-15 10:51:59,047  INFO [main] carsrunner:14 - local is clicked in page local
2022-01-15 10:52:00,191  INFO [main] carsrunner:14 - selected is clicked in page select
2022-01-15 10:52:02,942  INFO [main] carsrunner:14 - time is clicked in page time
2022-01-15 10:52:03,939  INFO [main] carsrunner:14 - select car is clicked in page select
2022-01-15 10:52:05,105  INFO [main] carsrunner:14 - booking detail shown 
2022-01-15 10:52:06,058  INFO [main] carsrunner:14 - home page is clicked in page home page
2022-01-15 10:52:07,279  INFO [main] carsrunner:14 - airport is clicked in page airport
2022-01-15 10:52:08,731  INFO [main] carsrunner:14 - dropaddress is clicked in page address
2022-01-15 10:52:09,940  INFO [main] carsrunner:14 - dropaddress is send in page address
2022-01-15 10:52:11,944  INFO [main] carsrunner:14 - dropaddress is clicked in page address
2022-01-15 10:52:13,178  INFO [main] carsrunner:14 - selected is clicked in page select
2022-01-15 10:52:16,399  INFO [main] carsrunner:14 - select car is clicked in page select
2022-01-15 10:52:17,576  INFO [main] carsrunner:14 - booking detail shown 
2022-01-15 10:52:18,217  INFO [main] carsrunner:14 - home page is clicked in page home page
2022-01-15 10:52:19,453  INFO [main] carsrunner:14 - playstore is clicked in page playstore
2022-01-15 10:52:27,641  INFO [main] carsrunner:14 - playsrore detail shown 
2022-01-15 10:52:28,567  INFO [main] carsrunner:14 - home page is clicked in page home page
2022-01-15 10:52:30,041  INFO [main] carsrunner:14 - car rental is clicked in page rental
2022-01-15 10:52:33,477  INFO [main] carsrunner:14 - name is clicked in page name
2022-01-15 10:52:34,813  INFO [main] carsrunner:14 - name is send in page name
2022-01-15 10:52:36,426  INFO [main] carsrunner:14 - company name is clicked in page compname
2022-01-15 10:52:37,605  INFO [main] carsrunner:14 - company name is send in page compname
2022-01-15 10:52:39,147  INFO [main] carsrunner:14 - email is clicked in page email
2022-01-15 10:52:40,166  INFO [main] carsrunner:14 - email is send in page email
2022-01-15 10:52:41,442  INFO [main] carsrunner:14 - phone no is clicked in page phoneno
2022-01-15 10:52:42,402  INFO [main] carsrunner:14 - phone no is send in page phoneno
2022-01-15 10:52:43,909  INFO [main] carsrunner:14 - submit is clicked in page submit
2022-01-15 10:52:46,758  INFO [main] carsrunner:14 - result detail shown 
2022-01-15 10:52:48,402  INFO [main] carsrunner:14 - home page is clicked in page home page
2022-01-15 10:52:49,287  INFO [main] carsrunner:14 - One way cab is clicked in page onewaycab
2022-01-15 10:52:58,298  INFO [main] carsrunner:14 - chennaitab is clicked in page chennai
2022-01-15 10:53:01,422  INFO [main] carsrunner:14 - trl is clicked in page trl
2022-01-15 10:53:17,441 ERROR [main] carsrunner:21 - img is not able clicked in page img
