2022-01-14 20:54:21,651  INFO [main] carsrunner:14 - URL Opened
2022-01-14 20:54:22,999  INFO [main] carsrunner:14 - Page opend with title Book Outstation Cabs, Local & Airport Taxi Service - India's Leading Car Rentals
2022-01-14 20:54:24,045  INFO [main] carsrunner:14 - signin is clicked in page home page
2022-01-14 20:54:29,778  INFO [main] carsrunner:14 - Email field is send in page Account Log in
2022-01-14 20:54:30,371  INFO [main] carsrunner:14 - password field is send in page Account Log in
2022-01-14 20:54:31,077  INFO [main] carsrunner:14 - sign in button is clicked in page Account Log in
2022-01-14 20:54:31,818  INFO [main] carsrunner:14 - Successfully logged in
2022-01-14 20:54:32,720  INFO [main] carsrunner:14 - from place is clicked in page from
2022-01-14 20:54:33,448  INFO [main] carsrunner:14 - place is send in page from
2022-01-14 20:54:34,232  INFO [main] carsrunner:14 - place is clicked in page to
2022-01-14 20:54:34,916  INFO [main] carsrunner:14 - place is send in page to
2022-01-14 20:54:35,751  INFO [main] carsrunner:14 - place is clicked in page to
2022-01-14 20:54:36,869  INFO [main] carsrunner:14 - selected is clicked in page select
2022-01-14 20:54:37,103  INFO [main] carsrunner:14 - Successfully verified
2022-01-14 20:54:37,848  INFO [main] carsrunner:14 - home page is clicked in page home page
2022-01-14 20:54:42,558  INFO [main] carsrunner:14 - round is clicked in page round
2022-01-14 20:54:43,636  INFO [main] carsrunner:14 - selected is clicked in page select
2022-01-14 20:54:46,448  INFO [main] carsrunner:14 - select car is clicked in page select
2022-01-14 20:54:47,575  INFO [main] carsrunner:14 - booking detail shown 
2022-01-14 20:54:48,278  INFO [main] carsrunner:14 - home page is clicked in page home page
2022-01-14 20:54:49,261  INFO [main] carsrunner:14 - local is clicked in page local
2022-01-14 20:54:50,268  INFO [main] carsrunner:14 - selected is clicked in page select
2022-01-14 20:54:52,916  INFO [main] carsrunner:14 - time is clicked in page time
2022-01-14 20:54:53,755  INFO [main] carsrunner:14 - select car is clicked in page select
2022-01-14 20:54:54,212  INFO [main] carsrunner:14 - booking detail shown 
2022-01-14 20:54:54,863  INFO [main] carsrunner:14 - home page is clicked in page home page
2022-01-14 20:54:55,861  INFO [main] carsrunner:14 - airport is clicked in page airport
2022-01-14 20:54:56,840  INFO [main] carsrunner:14 - dropaddress is clicked in page address
2022-01-14 20:54:57,553  INFO [main] carsrunner:14 - dropaddress is send in page address
2022-01-14 20:54:59,102  INFO [main] carsrunner:14 - dropaddress is clicked in page address
2022-01-14 20:55:00,154  INFO [main] carsrunner:14 - selected is clicked in page select
2022-01-14 20:55:02,951  INFO [main] carsrunner:14 - select car is clicked in page select
2022-01-14 20:55:03,365  INFO [main] carsrunner:14 - booking detail shown 
2022-01-14 20:55:04,169  INFO [main] carsrunner:14 - home page is clicked in page home page
2022-01-14 20:55:05,212  INFO [main] carsrunner:14 - playstore is clicked in page playstore
2022-01-14 20:55:10,094  INFO [main] carsrunner:14 - playsrore detail shown 
2022-01-14 20:55:10,796  INFO [main] carsrunner:14 - home page is clicked in page home page
2022-01-14 20:55:11,852  INFO [main] carsrunner:14 - car rental is clicked in page rental
2022-01-14 20:55:15,086  INFO [main] carsrunner:14 - name is clicked in page name
2022-01-14 20:55:15,967  INFO [main] carsrunner:14 - name is send in page name
2022-01-14 20:55:17,088  INFO [main] carsrunner:14 - company name is clicked in page compname
2022-01-14 20:55:18,043  INFO [main] carsrunner:14 - company name is send in page compname
2022-01-14 20:55:19,092  INFO [main] carsrunner:14 - email is clicked in page email
2022-01-14 20:55:19,924  INFO [main] carsrunner:14 - email is send in page email
2022-01-14 20:55:20,917  INFO [main] carsrunner:14 - phone no is clicked in page phoneno
2022-01-14 20:55:21,719  INFO [main] carsrunner:14 - phone no is send in page phoneno
2022-01-14 20:55:23,049  INFO [main] carsrunner:14 - submit is clicked in page submit
2022-01-14 20:55:26,696  INFO [main] carsrunner:14 - result detail shown 
2022-01-14 20:55:27,842  INFO [main] carsrunner:14 - home page is clicked in page home page
2022-01-14 20:55:28,555  INFO [main] carsrunner:14 - One way cab is clicked in page onewaycab
2022-01-14 20:55:33,421  INFO [main] carsrunner:14 - chennaitab is clicked in page chennai
2022-01-14 20:55:34,064  INFO [main] carsrunner:14 - trl is clicked in page trl
2022-01-14 20:55:38,459 ERROR [main] carsrunner:21 -  booking detail not shown
