2022-01-14 18:46:25,621  INFO [main] carsrunner:14 - URL Opened
2022-01-14 18:46:34,150  INFO [main] carsrunner:14 - Page opend with title Book Outstation Cabs, Local & Airport Taxi Service - India's Leading Car Rentals
2022-01-14 18:46:35,676  INFO [main] carsrunner:14 - signin is clicked in page home page
2022-01-14 18:46:42,111  INFO [main] carsrunner:14 - Email field is send in page Account Log in
2022-01-14 18:46:42,896  INFO [main] carsrunner:14 - password field is send in page Account Log in
2022-01-14 18:46:43,914  INFO [main] carsrunner:14 - sign in button is clicked in page Account Log in
2022-01-14 18:46:45,129  INFO [main] carsrunner:14 - Successfully logged in
2022-01-14 18:46:46,761  INFO [main] carsrunner:14 - from place is clicked in page from
2022-01-14 18:46:47,950  INFO [main] carsrunner:14 - place is send in page from
2022-01-14 18:46:48,829  INFO [main] carsrunner:14 - place is clicked in page to
2022-01-14 18:46:49,853  INFO [main] carsrunner:14 - place is send in page to
2022-01-14 18:46:50,701  INFO [main] carsrunner:14 - place is clicked in page to
2022-01-14 18:46:52,130  INFO [main] carsrunner:14 - selected is clicked in page select
2022-01-14 18:46:54,220  INFO [main] carsrunner:14 - Successfully verified
2022-01-14 18:46:55,036  INFO [main] carsrunner:14 - home page is clicked in page home page
2022-01-14 18:47:00,435  INFO [main] carsrunner:14 - round is clicked in page round
2022-01-14 18:47:02,721  INFO [main] carsrunner:14 - selected is clicked in page select
2022-01-14 18:47:05,819  INFO [main] carsrunner:14 - select car is clicked in page select
2022-01-14 18:47:08,878  INFO [main] carsrunner:14 - booking detail shown 
2022-01-14 18:47:09,611  INFO [main] carsrunner:14 - home page is clicked in page home page
2022-01-14 18:47:10,870  INFO [main] carsrunner:14 - local is clicked in page local
2022-01-14 18:47:11,925  INFO [main] carsrunner:14 - selected is clicked in page select
2022-01-14 18:47:14,564  INFO [main] carsrunner:14 - time is clicked in page time
2022-01-14 18:47:15,720  INFO [main] carsrunner:14 - select car is clicked in page select
2022-01-14 18:47:17,360  INFO [main] carsrunner:14 - booking detail shown 
2022-01-14 18:47:18,009  INFO [main] carsrunner:14 - home page is clicked in page home page
2022-01-14 18:47:19,238  INFO [main] carsrunner:14 - airport is clicked in page airport
2022-01-14 18:47:21,434  INFO [main] carsrunner:14 - dropaddress is clicked in page address
2022-01-14 18:47:22,184  INFO [main] carsrunner:14 - dropaddress is send in page address
2022-01-14 18:47:23,816  INFO [main] carsrunner:14 - dropaddress is clicked in page address
2022-01-14 18:47:25,327  INFO [main] carsrunner:14 - selected is clicked in page select
2022-01-14 18:47:31,251  INFO [main] carsrunner:14 - select car is clicked in page select
2022-01-14 18:47:31,509  INFO [main] carsrunner:14 - booking detail shown 
2022-01-14 18:47:32,291  INFO [main] carsrunner:14 - home page is clicked in page home page
2022-01-14 18:47:35,052  INFO [main] carsrunner:14 - playstore is clicked in page playstore
2022-01-14 18:47:43,031  INFO [main] carsrunner:14 - playsrore detail shown 
2022-01-14 18:47:51,789  INFO [main] carsrunner:14 - home page is clicked in page home page
2022-01-14 18:47:53,225  INFO [main] carsrunner:14 - car rental is clicked in page rental
2022-01-14 18:47:58,952  INFO [main] carsrunner:14 - name is clicked in page name
2022-01-14 18:48:00,131  INFO [main] carsrunner:14 - name is send in page name
2022-01-14 18:48:01,364  INFO [main] carsrunner:14 - company name is clicked in page compname
2022-01-14 18:48:02,549  INFO [main] carsrunner:14 - company name is send in page compname
2022-01-14 18:48:04,149  INFO [main] carsrunner:14 - email is clicked in page email
2022-01-14 18:48:05,175  INFO [main] carsrunner:14 - email is send in page email
2022-01-14 18:48:06,952  INFO [main] carsrunner:14 - phone no is clicked in page phoneno
2022-01-14 18:48:08,325  INFO [main] carsrunner:14 - phone no is send in page phoneno
2022-01-14 18:48:10,446  INFO [main] carsrunner:14 - submit is clicked in page submit
2022-01-14 18:48:14,252  INFO [main] carsrunner:14 - result detail shown 
2022-01-14 18:48:15,405  INFO [main] carsrunner:14 - home page is clicked in page home page
2022-01-14 18:48:16,296  INFO [main] carsrunner:14 - One way cab is clicked in page onewaycab
2022-01-14 18:48:21,502  INFO [main] carsrunner:14 - chennaitab is clicked in page chennai
2022-01-14 18:48:22,154  INFO [main] carsrunner:14 - trl is clicked in page trl
2022-01-14 18:48:46,571 ERROR [main] carsrunner:21 - place is not able clicked in page to
