2022-01-14 21:42:36,322  INFO [main] carsrunner:14 - URL Opened
2022-01-14 21:42:37,400  INFO [main] carsrunner:14 - Page opend with title Book Outstation Cabs, Local & Airport Taxi Service - India's Leading Car Rentals
2022-01-14 21:42:38,496  INFO [main] carsrunner:14 - signin is clicked in page home page
2022-01-14 21:42:44,035  INFO [main] carsrunner:14 - Email field is send in page Account Log in
2022-01-14 21:42:44,532  INFO [main] carsrunner:14 - password field is send in page Account Log in
2022-01-14 21:42:45,207  INFO [main] carsrunner:14 - sign in button is clicked in page Account Log in
2022-01-14 21:42:45,968  INFO [main] carsrunner:14 - Successfully logged in
2022-01-14 21:42:46,861  INFO [main] carsrunner:14 - from place is clicked in page from
2022-01-14 21:42:47,520  INFO [main] carsrunner:14 - place is send in page from
2022-01-14 21:42:48,262  INFO [main] carsrunner:14 - place is clicked in page to
2022-01-14 21:42:48,915  INFO [main] carsrunner:14 - place is send in page to
2022-01-14 21:42:49,700  INFO [main] carsrunner:14 - place is clicked in page to
2022-01-14 21:42:50,690  INFO [main] carsrunner:14 - selected is clicked in page select
2022-01-14 21:42:50,907  INFO [main] carsrunner:14 - Successfully verified
2022-01-14 21:42:51,327  INFO [main] carsrunner:14 - home page is clicked in page home page
2022-01-14 21:43:03,551 ERROR [main] carsrunner:21 - round is not able clicked in page round
2022-01-14 21:43:04,088 ERROR [main] carsrunner:21 - local is not able clicked in page local
2022-01-14 21:43:04,448 ERROR [main] carsrunner:21 - airport is not able clicked in page airport
2022-01-14 21:43:05,497 ERROR [main] carsrunner:21 - playstore is not able clicked in page playstore
2022-01-14 21:43:05,653 ERROR [main] carsrunner:21 - car rental is not able clicked in page rental
2022-01-14 21:43:06,138 ERROR [main] carsrunner:21 - img is not able clicked in page img
