2022-01-15 13:02:46,256  INFO [main] carsrunner:14 - URL Opened
2022-01-15 13:02:47,830  INFO [main] carsrunner:14 - Page opend with title Book Outstation Cabs, Local & Airport Taxi Service - India's Leading Car Rentals
2022-01-15 13:02:48,965  INFO [main] carsrunner:14 - signin is clicked in page home page
2022-01-15 13:02:55,020  INFO [main] carsrunner:14 - Email field is send in page Account Log in
2022-01-15 13:02:55,574  INFO [main] carsrunner:14 - password field is send in page Account Log in
2022-01-15 13:02:56,343  INFO [main] carsrunner:14 - sign in button is clicked in page Account Log in
2022-01-15 13:02:57,119  INFO [main] carsrunner:14 - Successfully logged in
2022-01-15 13:02:58,109  INFO [main] carsrunner:14 - from place is clicked in page from
2022-01-15 13:02:58,868  INFO [main] carsrunner:14 - place is send in page from
2022-01-15 13:02:59,710  INFO [main] carsrunner:14 - place is clicked in page to
2022-01-15 13:03:00,475  INFO [main] carsrunner:14 - place is send in page to
2022-01-15 13:03:01,308  INFO [main] carsrunner:14 - place is clicked in page to
2022-01-15 13:03:06,626  INFO [main] carsrunner:14 - selected is clicked in page select
2022-01-15 13:03:08,934  INFO [main] carsrunner:14 - Successfully verified
2022-01-15 13:03:11,676  INFO [main] carsrunner:14 - home page is clicked in page home page
2022-01-15 13:03:16,544  INFO [main] carsrunner:14 - round is clicked in page round
2022-01-15 13:03:17,624  INFO [main] carsrunner:14 - selected is clicked in page select
2022-01-15 13:03:20,518  INFO [main] carsrunner:14 - select car is clicked in page select
2022-01-15 13:03:21,937  INFO [main] carsrunner:14 - booking detail shown 
2022-01-15 13:03:22,613  INFO [main] carsrunner:14 - home page is clicked in page home page
2022-01-15 13:03:23,605  INFO [main] carsrunner:14 - local is clicked in page local
2022-01-15 13:03:24,563  INFO [main] carsrunner:14 - selected is clicked in page select
2022-01-15 13:03:27,277  INFO [main] carsrunner:14 - time is clicked in page time
2022-01-15 13:03:28,636  INFO [main] carsrunner:14 - select car is clicked in page select
2022-01-15 13:03:28,892  INFO [main] carsrunner:14 - booking detail shown 
2022-01-15 13:03:29,569  INFO [main] carsrunner:14 - home page is clicked in page home page
2022-01-15 13:03:30,489  INFO [main] carsrunner:14 - airport is clicked in page airport
2022-01-15 13:03:31,605  INFO [main] carsrunner:14 - dropaddress is clicked in page address
2022-01-15 13:03:32,291  INFO [main] carsrunner:14 - dropaddress is send in page address
2022-01-15 13:03:33,346  INFO [main] carsrunner:14 - dropaddress is clicked in page address
2022-01-15 13:03:34,312  INFO [main] carsrunner:14 - selected is clicked in page select
2022-01-15 13:03:37,169  INFO [main] carsrunner:14 - select car is clicked in page select
2022-01-15 13:03:37,682  INFO [main] carsrunner:14 - booking detail shown 
2022-01-15 13:03:38,345  INFO [main] carsrunner:14 - home page is clicked in page home page
2022-01-15 13:03:39,307  INFO [main] carsrunner:14 - playstore is clicked in page playstore
2022-01-15 13:03:44,042  INFO [main] carsrunner:14 - playsrore detail shown 
2022-01-15 13:03:44,783  INFO [main] carsrunner:14 - home page is clicked in page home page
2022-01-15 13:03:45,765  INFO [main] carsrunner:14 - car rental is clicked in page rental
2022-01-15 13:03:49,581  INFO [main] carsrunner:14 - name is clicked in page name
2022-01-15 13:03:50,441  INFO [main] carsrunner:14 - name is send in page name
2022-01-15 13:03:51,605  INFO [main] carsrunner:14 - company name is clicked in page compname
2022-01-15 13:03:52,449  INFO [main] carsrunner:14 - company name is send in page compname
2022-01-15 13:03:53,463  INFO [main] carsrunner:14 - email is clicked in page email
2022-01-15 13:03:54,669  INFO [main] carsrunner:14 - email is send in page email
2022-01-15 13:03:55,770  INFO [main] carsrunner:14 - phone no is clicked in page phoneno
2022-01-15 13:03:56,721  INFO [main] carsrunner:14 - phone no is send in page phoneno
2022-01-15 13:03:57,880  INFO [main] carsrunner:14 - submit is clicked in page submit
2022-01-15 13:04:01,912  INFO [main] carsrunner:14 - result detail shown 
2022-01-15 13:04:03,035  INFO [main] carsrunner:14 - home page is clicked in page home page
2022-01-15 13:04:03,734  INFO [main] carsrunner:14 - One way cab is clicked in page onewaycab
2022-01-15 13:04:08,904  INFO [main] carsrunner:14 - chennaitab is clicked in page chennai
2022-01-15 13:04:11,664  INFO [main] carsrunner:14 - trl is clicked in page trl
2022-01-15 13:04:16,399  INFO [main] carsrunner:14 - home page is clicked in page home page
2022-01-15 13:04:16,976  INFO [main] carsrunner:14 - img is clicked in page img
2022-01-15 13:04:19,637  INFO [main] carsrunner:14 - bookings is clicked in page bookings
2022-01-15 13:04:22,310  INFO [main] carsrunner:14 - cancelled is clicked in page cancelled
2022-01-15 13:04:24,852  INFO [main] carsrunner:14 - completed is clicked in page completed
2022-01-15 13:04:27,621  INFO [main] carsrunner:14 - booknow is clicked in page booknow
2022-01-15 13:04:30,517  INFO [main] carsrunner:14 - img is clicked in page img
2022-01-15 13:04:33,526  INFO [main] carsrunner:14 - accountsetting is clicked in page accountsetting
2022-01-15 13:04:36,698  INFO [main] carsrunner:14 - home is clicked in page home
2022-01-15 13:04:39,655  INFO [main] carsrunner:14 - img is clicked in page img
2022-01-15 13:04:42,545  INFO [main] carsrunner:14 - logout is clicked in page logout
2022-01-15 13:04:43,180  INFO [main] carsrunner:14 - Signed out sucessfully 
