2022-01-15 12:35:37,465  INFO [main] carsrunner:14 - URL Opened
2022-01-15 12:35:38,938  INFO [main] carsrunner:14 - Page opend with title Book Outstation Cabs, Local & Airport Taxi Service - India's Leading Car Rentals
2022-01-15 12:35:39,980  INFO [main] carsrunner:14 - signin is clicked in page home page
2022-01-15 12:35:45,755  INFO [main] carsrunner:14 - Email field is send in page Account Log in
2022-01-15 12:35:46,368  INFO [main] carsrunner:14 - password field is send in page Account Log in
2022-01-15 12:35:47,104  INFO [main] carsrunner:14 - sign in button is clicked in page Account Log in
2022-01-15 12:35:47,847  INFO [main] carsrunner:14 - Successfully logged in
2022-01-15 12:35:48,863  INFO [main] carsrunner:14 - from place is clicked in page from
2022-01-15 12:35:49,598  INFO [main] carsrunner:14 - place is send in page from
2022-01-15 12:35:50,487  INFO [main] carsrunner:14 - place is clicked in page to
2022-01-15 12:35:51,260  INFO [main] carsrunner:14 - place is send in page to
2022-01-15 12:35:52,133  INFO [main] carsrunner:14 - place is clicked in page to
2022-01-15 12:35:54,793 ERROR [main] carsrunner:21 - calendar is not able clicked in page calendar
2022-01-15 12:35:57,781  INFO [main] carsrunner:14 - round is clicked in page round
2022-01-15 12:35:58,336 ERROR [main] carsrunner:21 - calendar is not able clicked in page calendar
2022-01-15 12:35:59,258  INFO [main] carsrunner:14 - local is clicked in page local
2022-01-15 12:35:59,800 ERROR [main] carsrunner:21 - calendar is not able clicked in page calendar
2022-01-15 12:36:00,835  INFO [main] carsrunner:14 - airport is clicked in page airport
2022-01-15 12:36:02,482  INFO [main] carsrunner:14 - dropaddress is clicked in page address
2022-01-15 12:36:03,401  INFO [main] carsrunner:14 - dropaddress is send in page address
2022-01-15 12:36:04,701  INFO [main] carsrunner:14 - dropaddress is clicked in page address
2022-01-15 12:36:05,222 ERROR [main] carsrunner:21 - calendar is not able clicked in page calendar
2022-01-15 12:36:06,186  INFO [main] carsrunner:14 - playstore is clicked in page playstore
2022-01-15 12:36:10,934  INFO [main] carsrunner:14 - playsrore detail shown 
2022-01-15 12:36:11,745  INFO [main] carsrunner:14 - home page is clicked in page home page
2022-01-15 12:36:12,634  INFO [main] carsrunner:14 - car rental is clicked in page rental
2022-01-15 12:36:13,498  INFO [main] carsrunner:14 - One way cab is clicked in page onewaycab
2022-01-15 12:36:18,678  INFO [main] carsrunner:14 - chennaitab is clicked in page chennai
2022-01-15 12:36:21,558  INFO [main] carsrunner:14 - trl is clicked in page trl
2022-01-15 12:36:26,358  INFO [main] carsrunner:14 - home page is clicked in page home page
2022-01-15 12:36:26,952  INFO [main] carsrunner:14 - img is clicked in page img
2022-01-15 12:36:29,765  INFO [main] carsrunner:14 - bookings is clicked in page bookings
2022-01-15 12:36:32,659  INFO [main] carsrunner:14 - cancelled is clicked in page cancelled
2022-01-15 12:36:35,520  INFO [main] carsrunner:14 - completed is clicked in page completed
2022-01-15 12:36:38,371  INFO [main] carsrunner:14 - booknow is clicked in page booknow
2022-01-15 12:36:40,998  INFO [main] carsrunner:14 - img is clicked in page img
2022-01-15 12:36:44,029  INFO [main] carsrunner:14 - accountsetting is clicked in page accountsetting
2022-01-15 12:36:47,253  INFO [main] carsrunner:14 - home is clicked in page home
2022-01-15 12:36:50,228  INFO [main] carsrunner:14 - img is clicked in page img
2022-01-15 12:36:53,302  INFO [main] carsrunner:14 - logout is clicked in page logout
2022-01-15 12:36:53,978  INFO [main] carsrunner:14 - Signed out sucessfully 
