2022-01-14 23:08:49,698  INFO [main] carsrunner:14 - URL Opened
2022-01-14 23:08:51,728  INFO [main] carsrunner:14 - Page opend with title Book Outstation Cabs, Local & Airport Taxi Service - India's Leading Car Rentals
2022-01-14 23:08:52,795  INFO [main] carsrunner:14 - signin is clicked in page home page
2022-01-14 23:08:58,691  INFO [main] carsrunner:14 - Email field is send in page Account Log in
2022-01-14 23:08:59,158  INFO [main] carsrunner:14 - password field is send in page Account Log in
2022-01-14 23:08:59,934  INFO [main] carsrunner:14 - sign in button is clicked in page Account Log in
2022-01-14 23:09:00,856  INFO [main] carsrunner:14 - Successfully logged in
2022-01-14 23:09:01,822  INFO [main] carsrunner:14 - from place is clicked in page from
2022-01-14 23:09:02,450  INFO [main] carsrunner:14 - place is send in page from
2022-01-14 23:09:03,184  INFO [main] carsrunner:14 - place is clicked in page to
2022-01-14 23:09:03,865  INFO [main] carsrunner:14 - place is send in page to
2022-01-14 23:09:04,614  INFO [main] carsrunner:14 - place is clicked in page to
2022-01-14 23:09:06,172  INFO [main] carsrunner:14 - selected is clicked in page select
2022-01-14 23:09:08,406  INFO [main] carsrunner:14 - Successfully verified
2022-01-14 23:09:11,104  INFO [main] carsrunner:14 - home page is clicked in page home page
2022-01-14 23:09:15,897  INFO [main] carsrunner:14 - round is clicked in page round
2022-01-14 23:09:16,821  INFO [main] carsrunner:14 - selected is clicked in page select
2022-01-14 23:09:20,086  INFO [main] carsrunner:14 - select car is clicked in page select
2022-01-14 23:09:21,901  INFO [main] carsrunner:14 - booking detail shown 
2022-01-14 23:09:22,597  INFO [main] carsrunner:14 - home page is clicked in page home page
2022-01-14 23:09:23,853  INFO [main] carsrunner:14 - local is clicked in page local
2022-01-14 23:09:24,689  INFO [main] carsrunner:14 - selected is clicked in page select
2022-01-14 23:09:27,261  INFO [main] carsrunner:14 - time is clicked in page time
2022-01-14 23:09:27,950  INFO [main] carsrunner:14 - select car is clicked in page select
2022-01-14 23:09:28,377  INFO [main] carsrunner:14 - booking detail shown 
2022-01-14 23:09:28,971  INFO [main] carsrunner:14 - home page is clicked in page home page
2022-01-14 23:09:29,891  INFO [main] carsrunner:14 - airport is clicked in page airport
2022-01-14 23:09:30,993  INFO [main] carsrunner:14 - dropaddress is clicked in page address
2022-01-14 23:09:31,759  INFO [main] carsrunner:14 - dropaddress is send in page address
2022-01-14 23:09:32,738  INFO [main] carsrunner:14 - dropaddress is clicked in page address
2022-01-14 23:09:33,597  INFO [main] carsrunner:14 - selected is clicked in page select
2022-01-14 23:09:36,423  INFO [main] carsrunner:14 - select car is clicked in page select
2022-01-14 23:09:37,086  INFO [main] carsrunner:14 - booking detail shown 
2022-01-14 23:09:37,681  INFO [main] carsrunner:14 - home page is clicked in page home page
2022-01-14 23:09:38,724  INFO [main] carsrunner:14 - playstore is clicked in page playstore
2022-01-14 23:09:44,269  INFO [main] carsrunner:14 - playsrore detail shown 
2022-01-14 23:09:44,887  INFO [main] carsrunner:14 - home page is clicked in page home page
2022-01-14 23:09:45,762  INFO [main] carsrunner:14 - car rental is clicked in page rental
2022-01-14 23:09:50,940  INFO [main] carsrunner:14 - name is clicked in page name
2022-01-14 23:09:51,644  INFO [main] carsrunner:14 - name is send in page name
2022-01-14 23:09:52,591  INFO [main] carsrunner:14 - company name is clicked in page compname
2022-01-14 23:09:53,269  INFO [main] carsrunner:14 - company name is send in page compname
2022-01-14 23:09:54,181  INFO [main] carsrunner:14 - email is clicked in page email
2022-01-14 23:09:54,924  INFO [main] carsrunner:14 - email is send in page email
2022-01-14 23:09:55,822  INFO [main] carsrunner:14 - phone no is clicked in page phoneno
2022-01-14 23:09:56,547  INFO [main] carsrunner:14 - phone no is send in page phoneno
2022-01-14 23:09:57,613  INFO [main] carsrunner:14 - submit is clicked in page submit
2022-01-14 23:10:01,243  INFO [main] carsrunner:14 - result detail shown 
2022-01-14 23:10:02,235  INFO [main] carsrunner:14 - home page is clicked in page home page
2022-01-14 23:10:02,914  INFO [main] carsrunner:14 - One way cab is clicked in page onewaycab
2022-01-14 23:10:07,280 ERROR [main] carsrunner:21 -  booking detail not shown
2022-01-14 23:10:07,887  INFO [main] carsrunner:14 - img is clicked in page img
2022-01-14 23:10:10,464  INFO [main] carsrunner:14 - bookings is clicked in page bookings
2022-01-14 23:10:13,037  INFO [main] carsrunner:14 - cancelled is clicked in page cancelled
2022-01-14 23:10:15,761  INFO [main] carsrunner:14 - completed is clicked in page completed
2022-01-14 23:10:18,265  INFO [main] carsrunner:14 - booknow is clicked in page booknow
2022-01-14 23:10:20,942  INFO [main] carsrunner:14 - img is clicked in page img
2022-01-14 23:10:23,846  INFO [main] carsrunner:14 - accountsetting is clicked in page accountsetting
2022-01-14 23:10:26,873  INFO [main] carsrunner:14 - home is clicked in page home
2022-01-14 23:10:29,680  INFO [main] carsrunner:14 - img is clicked in page img
2022-01-14 23:10:32,477  INFO [main] carsrunner:14 - logout is clicked in page logout
2022-01-14 23:10:32,985  INFO [main] carsrunner:14 - Signed out sucessfully 
