2022-01-15 12:15:47,977  INFO [main] carsrunner:14 - URL Opened
2022-01-15 12:15:49,404  INFO [main] carsrunner:14 - Page opend with title Book Outstation Cabs, Local & Airport Taxi Service - India's Leading Car Rentals
2022-01-15 12:15:50,656  INFO [main] carsrunner:14 - signin is clicked in page home page
2022-01-15 12:15:56,634  INFO [main] carsrunner:14 - Email field is send in page Account Log in
2022-01-15 12:15:57,117  INFO [main] carsrunner:14 - password field is send in page Account Log in
2022-01-15 12:15:57,899  INFO [main] carsrunner:14 - sign in button is clicked in page Account Log in
2022-01-15 12:15:58,615  INFO [main] carsrunner:14 - Successfully logged in
2022-01-15 12:15:59,603  INFO [main] carsrunner:14 - from place is clicked in page from
2022-01-15 12:16:00,300  INFO [main] carsrunner:14 - place is send in page from
2022-01-15 12:16:01,149  INFO [main] carsrunner:14 - place is clicked in page to
2022-01-15 12:16:01,803  INFO [main] carsrunner:14 - place is send in page to
2022-01-15 12:16:02,635  INFO [main] carsrunner:14 - place is clicked in page to
2022-01-15 12:16:03,294 ERROR [main] carsrunner:21 - calendar is not able clicked in page calendar
2022-01-15 12:16:06,187  INFO [main] carsrunner:14 - round is clicked in page round
2022-01-15 12:16:06,693 ERROR [main] carsrunner:21 - calendar is not able clicked in page calendar
2022-01-15 12:16:07,634  INFO [main] carsrunner:14 - local is clicked in page local
2022-01-15 12:16:08,122 ERROR [main] carsrunner:21 - calendar is not able clicked in page calendar
2022-01-15 12:16:09,168  INFO [main] carsrunner:14 - airport is clicked in page airport
2022-01-15 12:16:10,609  INFO [main] carsrunner:14 - dropaddress is clicked in page address
2022-01-15 12:16:11,394  INFO [main] carsrunner:14 - dropaddress is send in page address
2022-01-15 12:16:16,349 ERROR [main] carsrunner:21 - dropaddress is not able clicked in page address
2022-01-15 12:16:16,559 ERROR [main] carsrunner:21 - playstore is not able clicked in page playstore
2022-01-15 12:16:16,670 ERROR [main] carsrunner:21 - car rental is not able clicked in page rental
2022-01-15 12:16:16,802 ERROR [main] carsrunner:21 - One way cab is not able clicked in page onewaycab
2022-01-15 12:16:16,862 ERROR [main] carsrunner:21 - img is not able clicked in page img
