2022-01-15 12:25:16,599  INFO [main] carsrunner:14 - URL Opened
2022-01-15 12:25:18,296  INFO [main] carsrunner:14 - Page opend with title Book Outstation Cabs, Local & Airport Taxi Service - India's Leading Car Rentals
2022-01-15 12:25:19,564  INFO [main] carsrunner:14 - signin is clicked in page home page
2022-01-15 12:25:25,410  INFO [main] carsrunner:14 - Email field is send in page Account Log in
2022-01-15 12:25:26,141  INFO [main] carsrunner:14 - password field is send in page Account Log in
2022-01-15 12:25:26,891  INFO [main] carsrunner:14 - sign in button is clicked in page Account Log in
2022-01-15 12:25:27,865  INFO [main] carsrunner:14 - Successfully logged in
2022-01-15 12:25:28,889  INFO [main] carsrunner:14 - from place is clicked in page from
2022-01-15 12:25:29,632  INFO [main] carsrunner:14 - place is send in page from
2022-01-15 12:25:30,646  INFO [main] carsrunner:14 - place is clicked in page to
2022-01-15 12:25:31,420  INFO [main] carsrunner:14 - place is send in page to
2022-01-15 12:25:32,259  INFO [main] carsrunner:14 - place is clicked in page to
2022-01-15 12:25:32,887 ERROR [main] carsrunner:21 - calendar is not able clicked in page calendar
2022-01-15 12:25:35,964  INFO [main] carsrunner:14 - round is clicked in page round
2022-01-15 12:25:36,626 ERROR [main] carsrunner:21 - calendar is not able clicked in page calendar
2022-01-15 12:25:37,557  INFO [main] carsrunner:14 - local is clicked in page local
2022-01-15 12:25:38,102 ERROR [main] carsrunner:21 - calendar is not able clicked in page calendar
2022-01-15 12:25:39,126  INFO [main] carsrunner:14 - airport is clicked in page airport
2022-01-15 12:25:41,176  INFO [main] carsrunner:14 - dropaddress is clicked in page address
2022-01-15 12:25:42,013  INFO [main] carsrunner:14 - dropaddress is send in page address
2022-01-15 12:26:02,704 ERROR [main] carsrunner:21 - dropaddress is not able clicked in page address
2022-01-15 12:26:03,953  INFO [main] carsrunner:14 - playstore is clicked in page playstore
2022-01-15 12:26:11,173  INFO [main] carsrunner:14 - playsrore detail shown 
2022-01-15 12:26:12,090  INFO [main] carsrunner:14 - home page is clicked in page home page
2022-01-15 12:26:13,155  INFO [main] carsrunner:14 - car rental is clicked in page rental
2022-01-15 12:26:13,891  INFO [main] carsrunner:14 - One way cab is clicked in page onewaycab
2022-01-15 12:26:20,856  INFO [main] carsrunner:14 - chennaitab is clicked in page chennai
2022-01-15 12:26:23,645  INFO [main] carsrunner:14 - trl is clicked in page trl
2022-01-15 12:26:28,955  INFO [main] carsrunner:14 - home page is clicked in page home page
2022-01-15 12:26:29,808  INFO [main] carsrunner:14 - img is clicked in page img
2022-01-15 12:26:32,552  INFO [main] carsrunner:14 - bookings is clicked in page bookings
2022-01-15 12:26:35,338  INFO [main] carsrunner:14 - cancelled is clicked in page cancelled
2022-01-15 12:26:38,077  INFO [main] carsrunner:14 - completed is clicked in page completed
2022-01-15 12:26:40,942  INFO [main] carsrunner:14 - booknow is clicked in page booknow
2022-01-15 12:26:43,588  INFO [main] carsrunner:14 - img is clicked in page img
2022-01-15 12:26:46,541  INFO [main] carsrunner:14 - accountsetting is clicked in page accountsetting
2022-01-15 12:26:49,884  INFO [main] carsrunner:14 - home is clicked in page home
2022-01-15 12:26:52,769  INFO [main] carsrunner:14 - img is clicked in page img
2022-01-15 12:26:55,820  INFO [main] carsrunner:14 - logout is clicked in page logout
2022-01-15 12:26:56,484  INFO [main] carsrunner:14 - Signed out sucessfully 
